# JRE version: OpenJDK Runtime Environment (8.0_222-b10) (build 1.8.0_222-8u222-b10-1ubuntu1~16.04.1-b10)
# Java VM: OpenJDK 64-Bit Server VM (25.222-b10 mixed mode linux-amd64 compressed oops)
Heap:
 PSYoungGen      total 211456K, used 17473K [0x00000000d6780000, 0x00000000e4780000, 0x0000000100000000)
  eden space 193536K, 0% used [0x00000000d6780000,0x00000000d6780000,0x00000000e2480000)
  from space 17920K, 97% used [0x00000000e2480000,0x00000000e3590568,0x00000000e3600000)
  to   space 15872K, 0% used [0x00000000e3800000,0x00000000e3800000,0x00000000e4780000)
 ParOldGen       total 101376K, used 24000K [0x0000000083600000, 0x0000000089900000, 0x00000000d6780000)
  object space 101376K, 23% used [0x0000000083600000,0x0000000084d70180,0x0000000089900000)
 Metaspace       used 52039K, capacity 54316K, committed 54568K, reserved 1095680K
  class space    used 6914K, capacity 7371K, committed 7464K, reserved 1048576K
GC Heap History (10 events):
Event: 6.321 GC heap after
Heap after GC invocations=8 (full 1):
 PSYoungGen      total 112640K, used 10730K [0x00000000d6780000, 0x00000000e1d00000, 0x0000000100000000)
  eden space 101888K, 0% used [0x00000000d6780000,0x00000000d6780000,0x00000000dcb00000)
  from space 10752K, 99% used [0x00000000dcb00000,0x00000000dd57ab18,0x00000000dd580000)
  to   space 13824K, 0% used [0x00000000e0f80000,0x00000000e0f80000,0x00000000e1d00000)
 ParOldGen       total 56320K, used 15201K [0x0000000083600000, 0x0000000086d00000, 0x00000000d6780000)
  object space 56320K, 26% used [0x0000000083600000,0x00000000844d8738,0x0000000086d00000)
 Metaspace       used 28727K, capacity 29848K, committed 30000K, reserved 1075200K
  class space    used 3813K, capacity 4072K, committed 4144K, reserved 1048576K
}
Event: 8.568 GC heap before
{Heap before GC invocations=9 (full 1):
 PSYoungGen      total 112640K, used 112618K [0x00000000d6780000, 0x00000000e1d00000, 0x0000000100000000)
  eden space 101888K, 100% used [0x00000000d6780000,0x00000000dcb00000,0x00000000dcb00000)
  from space 10752K, 99% used [0x00000000dcb00000,0x00000000dd57ab18,0x00000000dd580000)
  to   space 13824K, 0% used [0x00000000e0f80000,0x00000000e0f80000,0x00000000e1d00000)
 ParOldGen       total 56320K, used 15201K [0x0000000083600000, 0x0000000086d00000, 0x00000000d6780000)
  object space 56320K, 26% used [0x0000000083600000,0x00000000844d8738,0x0000000086d00000)
 Metaspace       used 31787K, capacity 33222K, committed 33456K, reserved 1079296K
  class space    used 4197K, capacity 4487K, committed 4528K, reserved 1048576K
Event: 8.588 GC heap after
Heap after GC invocations=9 (full 1):
 PSYoungGen      total 166912K, used 13814K [0x00000000d6780000, 0x00000000e1e00000, 0x0000000100000000)
  eden space 153088K, 0% used [0x00000000d6780000,0x00000000d6780000,0x00000000dfd00000)
  from space 13824K, 99% used [0x00000000e0f80000,0x00000000e1cfdab8,0x00000000e1d00000)
  to   space 16896K, 0% used [0x00000000dfd00000,0x00000000dfd00000,0x00000000e0d80000)
 ParOldGen       total 56320K, used 17217K [0x0000000083600000, 0x0000000086d00000, 0x00000000d6780000)
  object space 56320K, 30% used [0x0000000083600000,0x00000000846d0558,0x0000000086d00000)
 Metaspace       used 31787K, capacity 33222K, committed 33456K, reserved 1079296K
  class space    used 4197K, capacity 4487K, committed 4528K, reserved 1048576K
}
Event: 9.556 GC heap before
{Heap before GC invocations=10 (full 1):
 PSYoungGen      total 166912K, used 27634K [0x00000000d6780000, 0x00000000e1e00000, 0x0000000100000000)
  eden space 153088K, 9% used [0x00000000d6780000,0x00000000d74ff050,0x00000000dfd00000)
  from space 13824K, 99% used [0x00000000e0f80000,0x00000000e1cfdab8,0x00000000e1d00000)
  to   space 16896K, 0% used [0x00000000dfd00000,0x00000000dfd00000,0x00000000e0d80000)
 ParOldGen       total 56320K, used 17217K [0x0000000083600000, 0x0000000086d00000, 0x00000000d6780000)
  object space 56320K, 30% used [0x0000000083600000,0x00000000846d0558,0x0000000086d00000)
 Metaspace       used 33895K, capacity 35378K, committed 35496K, reserved 1079296K
  class space    used 4384K, capacity 4687K, committed 4776K, reserved 1048576K
Event: 9.576 GC heap after
Heap after GC invocations=10 (full 1):
 PSYoungGen      total 169984K, used 8555K [0x00000000d6780000, 0x00000000e4780000, 0x0000000100000000)
  eden space 153088K, 0% used [0x00000000d6780000,0x00000000d6780000,0x00000000dfd00000)
  from space 16896K, 50% used [0x00000000dfd00000,0x00000000e055afd0,0x00000000e0d80000)
  to   space 15872K, 0% used [0x00000000e3800000,0x00000000e3800000,0x00000000e4780000)
 ParOldGen       total 56320K, used 23916K [0x0000000083600000, 0x0000000086d00000, 0x00000000d6780000)
  object space 56320K, 42% used [0x0000000083600000,0x0000000084d5b168,0x0000000086d00000)
 Metaspace       used 33895K, capacity 35378K, committed 35496K, reserved 1079296K
  class space    used 4384K, capacity 4687K, committed 4776K, reserved 1048576K
}
Event: 9.576 GC heap before
{Heap before GC invocations=11 (full 2):
 PSYoungGen      total 169984K, used 8555K [0x00000000d6780000, 0x00000000e4780000, 0x0000000100000000)
  eden space 153088K, 0% used [0x00000000d6780000,0x00000000d6780000,0x00000000dfd00000)
  from space 16896K, 50% used [0x00000000dfd00000,0x00000000e055afd0,0x00000000e0d80000)
  to   space 15872K, 0% used [0x00000000e3800000,0x00000000e3800000,0x00000000e4780000)
 ParOldGen       total 56320K, used 23916K [0x0000000083600000, 0x0000000086d00000, 0x00000000d6780000)
  object space 56320K, 42% used [0x0000000083600000,0x0000000084d5b168,0x0000000086d00000)
 Metaspace       used 33895K, capacity 35378K, committed 35496K, reserved 1079296K
  class space    used 4384K, capacity 4687K, committed 4776K, reserved 1048576K
Event: 9.742 GC heap after
Heap after GC invocations=11 (full 2):
 PSYoungGen      total 169984K, used 0K [0x00000000d6780000, 0x00000000e4780000, 0x0000000100000000)
  eden space 153088K, 0% used [0x00000000d6780000,0x00000000d6780000,0x00000000dfd00000)
  from space 16896K, 0% used [0x00000000dfd00000,0x00000000dfd00000,0x00000000e0d80000)
  to   space 15872K, 0% used [0x00000000e3800000,0x00000000e3800000,0x00000000e4780000)
 ParOldGen       total 101376K, used 23992K [0x0000000083600000, 0x0000000089900000, 0x00000000d6780000)
  object space 101376K, 23% used [0x0000000083600000,0x0000000084d6e180,0x0000000089900000)
 Metaspace       used 33895K, capacity 35378K, committed 35496K, reserved 1079296K
  class space    used 4384K, capacity 4687K, committed 4776K, reserved 1048576K
}
Event: 13.154 GC heap before
{Heap before GC invocations=12 (full 2):
 PSYoungGen      total 169984K, used 153088K [0x00000000d6780000, 0x00000000e4780000, 0x0000000100000000)
  eden space 153088K, 100% used [0x00000000d6780000,0x00000000dfd00000,0x00000000dfd00000)
  from space 16896K, 0% used [0x00000000dfd00000,0x00000000dfd00000,0x00000000e0d80000)
  to   space 15872K, 0% used [0x00000000e3800000,0x00000000e3800000,0x00000000e4780000)
 ParOldGen       total 101376K, used 23992K [0x0000000083600000, 0x0000000089900000, 0x00000000d6780000)
  object space 101376K, 23% used [0x0000000083600000,0x0000000084d6e180,0x0000000089900000)
 Metaspace       used 46046K, capacity 48010K, committed 48296K, reserved 1091584K
  class space    used 6108K, capacity 6481K, committed 6568K, reserved 1048576K
Event: 13.172 GC heap after
Heap after GC invocations=12 (full 2):
 PSYoungGen      total 209408K, used 15356K [0x00000000d6780000, 0x00000000e4780000, 0x0000000100000000)
  eden space 193536K, 0% used [0x00000000d6780000,0x00000000d6780000,0x00000000e2480000)
  from space 15872K, 96% used [0x00000000e3800000,0x00000000e46ff1b0,0x00000000e4780000)
  to   space 17920K, 0% used [0x00000000e2480000,0x00000000e2480000,0x00000000e3600000)
 ParOldGen       total 101376K, used 24000K [0x0000000083600000, 0x0000000089900000, 0x00000000d6780000)
  object space 101376K, 23% used [0x0000000083600000,0x0000000084d70180,0x0000000089900000)
 Metaspace       used 46046K, capacity 48010K, committed 48296K, reserved 1091584K
  class space    used 6108K, capacity 6481K, committed 6568K, reserved 1048576K
}
Event: 35.534 GC heap before
{Heap before GC invocations=13 (full 2):
 PSYoungGen      total 209408K, used 208892K [0x00000000d6780000, 0x00000000e4780000, 0x0000000100000000)
  eden space 193536K, 100% used [0x00000000d6780000,0x00000000e2480000,0x00000000e2480000)
  from space 15872K, 96% used [0x00000000e3800000,0x00000000e46ff1b0,0x00000000e4780000)
  to   space 17920K, 0% used [0x00000000e2480000,0x00000000e2480000,0x00000000e3600000)
 ParOldGen       total 101376K, used 24000K [0x0000000083600000, 0x0000000089900000, 0x00000000d6780000)
  object space 101376K, 23% used [0x0000000083600000,0x0000000084d70180,0x0000000089900000)
 Metaspace       used 52039K, capacity 54316K, committed 54568K, reserved 1095680K
  class space    used 6914K, capacity 7371K, committed 7464K, reserved 1048576K

